2024-04-08T16:10:29.377+05:30  INFO 18128 --- [client-service-1] [restartedMain] com.ms.cs1.ClientService1Application     : Starting ClientService1Application using Java 17.0.6 with PID 18128 (D:\learnings\backend\java\spring_boot\microservice\microservice_practice\client-service-1\target\classes started by HP in D:\learnings\backend\java\spring_boot\microservice\microservice_practice\client-service-1)
2024-04-08T16:10:29.386+05:30  INFO 18128 --- [client-service-1] [restartedMain] com.ms.cs1.ClientService1Application     : No active profile set, falling back to 1 default profile: "default"
2024-04-08T16:10:29.485+05:30  INFO 18128 --- [client-service-1] [restartedMain] .e.DevToolsPropertyDefaultsPostProcessor : Devtools property defaults active! Set 'spring.devtools.add-properties' to 'false' to disable
2024-04-08T16:10:29.486+05:30  INFO 18128 --- [client-service-1] [restartedMain] .e.DevToolsPropertyDefaultsPostProcessor : For additional web related logging consider setting the 'logging.level.web' property to 'DEBUG'
2024-04-08T16:10:31.798+05:30  INFO 18128 --- [client-service-1] [restartedMain] o.s.cloud.context.scope.GenericScope     : BeanFactory id=6597170d-85f8-3ff6-85fd-e67592431f64
2024-04-08T16:10:31.873+05:30  WARN 18128 --- [client-service-1] [restartedMain] trationDelegate$BeanPostProcessorChecker : Bean 'org.springframework.cloud.client.loadbalancer.LoadBalancerAutoConfiguration$LoadBalancerInterceptorConfig' of type [org.springframework.cloud.client.loadbalancer.LoadBalancerAutoConfiguration$LoadBalancerInterceptorConfig] is not eligible for getting processed by all BeanPostProcessors (for example: not eligible for auto-proxying). The currently created BeanPostProcessor [lbRestClientPostProcessor] is declared through a non-static factory method on that class; consider declaring it as static instead.
2024-04-08T16:10:31.878+05:30  WARN 18128 --- [client-service-1] [restartedMain] trationDelegate$BeanPostProcessorChecker : Bean 'org.springframework.cloud.loadbalancer.config.BlockingLoadBalancerClientAutoConfiguration' of type [org.springframework.cloud.loadbalancer.config.BlockingLoadBalancerClientAutoConfiguration] is not eligible for getting processed by all BeanPostProcessors (for example: not eligible for auto-proxying). Is this bean getting eagerly injected into a currently created BeanPostProcessor [lbRestClientPostProcessor]? Check the corresponding BeanPostProcessor declaration and its dependencies.
2024-04-08T16:10:31.879+05:30  WARN 18128 --- [client-service-1] [restartedMain] trationDelegate$BeanPostProcessorChecker : Bean 'org.springframework.cloud.loadbalancer.config.LoadBalancerAutoConfiguration' of type [org.springframework.cloud.loadbalancer.config.LoadBalancerAutoConfiguration] is not eligible for getting processed by all BeanPostProcessors (for example: not eligible for auto-proxying). Is this bean getting eagerly injected into a currently created BeanPostProcessor [lbRestClientPostProcessor]? Check the corresponding BeanPostProcessor declaration and its dependencies.
2024-04-08T16:10:31.891+05:30  WARN 18128 --- [client-service-1] [restartedMain] trationDelegate$BeanPostProcessorChecker : Bean 'org.springframework.cloud.commons.config.CommonsConfigAutoConfiguration' of type [org.springframework.cloud.commons.config.CommonsConfigAutoConfiguration] is not eligible for getting processed by all BeanPostProcessors (for example: not eligible for auto-proxying). Is this bean getting eagerly injected into a currently created BeanPostProcessor [lbRestClientPostProcessor]? Check the corresponding BeanPostProcessor declaration and its dependencies.
2024-04-08T16:10:31.894+05:30  WARN 18128 --- [client-service-1] [restartedMain] trationDelegate$BeanPostProcessorChecker : Bean 'org.springframework.cloud.client.loadbalancer.LoadBalancerDefaultMappingsProviderAutoConfiguration' of type [org.springframework.cloud.client.loadbalancer.LoadBalancerDefaultMappingsProviderAutoConfiguration] is not eligible for getting processed by all BeanPostProcessors (for example: not eligible for auto-proxying). Is this bean getting eagerly injected into a currently created BeanPostProcessor [lbRestClientPostProcessor]? Check the corresponding BeanPostProcessor declaration and its dependencies.
2024-04-08T16:10:31.895+05:30  WARN 18128 --- [client-service-1] [restartedMain] trationDelegate$BeanPostProcessorChecker : Bean 'loadBalancerClientsDefaultsMappingsProvider' of type [org.springframework.cloud.client.loadbalancer.LoadBalancerDefaultMappingsProviderAutoConfiguration$$Lambda$585/0x00000008004c17b0] is not eligible for getting processed by all BeanPostProcessors (for example: not eligible for auto-proxying). Is this bean getting eagerly injected into a currently created BeanPostProcessor [lbRestClientPostProcessor]? Check the corresponding BeanPostProcessor declaration and its dependencies.
2024-04-08T16:10:31.897+05:30  WARN 18128 --- [client-service-1] [restartedMain] trationDelegate$BeanPostProcessorChecker : Bean 'defaultsBindHandlerAdvisor' of type [org.springframework.cloud.commons.config.DefaultsBindHandlerAdvisor] is not eligible for getting processed by all BeanPostProcessors (for example: not eligible for auto-proxying). Is this bean getting eagerly injected into a currently created BeanPostProcessor [lbRestClientPostProcessor]? Check the corresponding BeanPostProcessor declaration and its dependencies.
2024-04-08T16:10:31.909+05:30  WARN 18128 --- [client-service-1] [restartedMain] trationDelegate$BeanPostProcessorChecker : Bean 'spring.cloud.loadbalancer-org.springframework.cloud.client.loadbalancer.LoadBalancerClientsProperties' of type [org.springframework.cloud.client.loadbalancer.LoadBalancerClientsProperties] is not eligible for getting processed by all BeanPostProcessors (for example: not eligible for auto-proxying). Is this bean getting eagerly injected into a currently created BeanPostProcessor [lbRestClientPostProcessor]? Check the corresponding BeanPostProcessor declaration and its dependencies.
2024-04-08T16:10:31.920+05:30  WARN 18128 --- [client-service-1] [restartedMain] trationDelegate$BeanPostProcessorChecker : Bean 'default.org.springframework.cloud.loadbalancer.config.LoadBalancerAutoConfiguration.LoadBalancerClientSpecification' of type [org.springframework.cloud.loadbalancer.annotation.LoadBalancerClientSpecification] is not eligible for getting processed by all BeanPostProcessors (for example: not eligible for auto-proxying). Is this bean getting eagerly injected into a currently created BeanPostProcessor [lbRestClientPostProcessor]? Check the corresponding BeanPostProcessor declaration and its dependencies.
2024-04-08T16:10:31.922+05:30  WARN 18128 --- [client-service-1] [restartedMain] trationDelegate$BeanPostProcessorChecker : Bean 'default.org.springframework.cloud.loadbalancer.config.BlockingLoadBalancerClientAutoConfiguration.LoadBalancerClientSpecification' of type [org.springframework.cloud.loadbalancer.annotation.LoadBalancerClientSpecification] is not eligible for getting processed by all BeanPostProcessors (for example: not eligible for auto-proxying). Is this bean getting eagerly injected into a currently created BeanPostProcessor [lbRestClientPostProcessor]? Check the corresponding BeanPostProcessor declaration and its dependencies.
2024-04-08T16:10:31.923+05:30  WARN 18128 --- [client-service-1] [restartedMain] trationDelegate$BeanPostProcessorChecker : Bean 'default.org.springframework.cloud.netflix.eureka.loadbalancer.LoadBalancerEurekaAutoConfiguration.LoadBalancerClientSpecification' of type [org.springframework.cloud.loadbalancer.annotation.LoadBalancerClientSpecification] is not eligible for getting processed by all BeanPostProcessors (for example: not eligible for auto-proxying). Is this bean getting eagerly injected into a currently created BeanPostProcessor [lbRestClientPostProcessor]? Check the corresponding BeanPostProcessor declaration and its dependencies.
2024-04-08T16:10:31.926+05:30  WARN 18128 --- [client-service-1] [restartedMain] trationDelegate$BeanPostProcessorChecker : Bean 'loadBalancerClientFactory' of type [org.springframework.cloud.loadbalancer.support.LoadBalancerClientFactory] is not eligible for getting processed by all BeanPostProcessors (for example: not eligible for auto-proxying). Is this bean getting eagerly injected into a currently created BeanPostProcessor [lbRestClientPostProcessor]? Check the corresponding BeanPostProcessor declaration and its dependencies.
2024-04-08T16:10:31.931+05:30  WARN 18128 --- [client-service-1] [restartedMain] trationDelegate$BeanPostProcessorChecker : Bean 'blockingLoadBalancerClient' of type [org.springframework.cloud.loadbalancer.blocking.client.BlockingLoadBalancerClient] is not eligible for getting processed by all BeanPostProcessors (for example: not eligible for auto-proxying). Is this bean getting eagerly injected into a currently created BeanPostProcessor [lbRestClientPostProcessor]? Check the corresponding BeanPostProcessor declaration and its dependencies.
2024-04-08T16:10:31.942+05:30  WARN 18128 --- [client-service-1] [restartedMain] trationDelegate$BeanPostProcessorChecker : Bean 'loadBalancerServiceInstanceCookieTransformer' of type [org.springframework.cloud.loadbalancer.core.LoadBalancerServiceInstanceCookieTransformer] is not eligible for getting processed by all BeanPostProcessors (for example: not eligible for auto-proxying). Is this bean getting eagerly injected into a currently created BeanPostProcessor [lbRestClientPostProcessor]? Check the corresponding BeanPostProcessor declaration and its dependencies.
2024-04-08T16:10:31.944+05:30  WARN 18128 --- [client-service-1] [restartedMain] trationDelegate$BeanPostProcessorChecker : Bean 'xForwarderHeadersTransformer' of type [org.springframework.cloud.loadbalancer.blocking.XForwardedHeadersTransformer] is not eligible for getting processed by all BeanPostProcessors (for example: not eligible for auto-proxying). Is this bean getting eagerly injected into a currently created BeanPostProcessor [lbRestClientPostProcessor]? Check the corresponding BeanPostProcessor declaration and its dependencies.
2024-04-08T16:10:31.945+05:30  WARN 18128 --- [client-service-1] [restartedMain] trationDelegate$BeanPostProcessorChecker : Bean 'org.springframework.cloud.client.loadbalancer.LoadBalancerAutoConfiguration' of type [org.springframework.cloud.client.loadbalancer.LoadBalancerAutoConfiguration] is not eligible for getting processed by all BeanPostProcessors (for example: not eligible for auto-proxying). Is this bean getting eagerly injected into a currently created BeanPostProcessor [lbRestClientPostProcessor]? Check the corresponding BeanPostProcessor declaration and its dependencies.
2024-04-08T16:10:31.948+05:30  WARN 18128 --- [client-service-1] [restartedMain] trationDelegate$BeanPostProcessorChecker : Bean 'loadBalancerRequestFactory' of type [org.springframework.cloud.client.loadbalancer.LoadBalancerRequestFactory] is not eligible for getting processed by all BeanPostProcessors (for example: not eligible for auto-proxying). Is this bean getting eagerly injected into a currently created BeanPostProcessor [lbRestClientPostProcessor]? Check the corresponding BeanPostProcessor declaration and its dependencies.
2024-04-08T16:10:31.949+05:30  WARN 18128 --- [client-service-1] [restartedMain] trationDelegate$BeanPostProcessorChecker : Bean 'loadBalancerInterceptor' of type [org.springframework.cloud.client.loadbalancer.LoadBalancerInterceptor] is not eligible for getting processed by all BeanPostProcessors (for example: not eligible for auto-proxying). Is this bean getting eagerly injected into a currently created BeanPostProcessor [lbRestClientPostProcessor]? Check the corresponding BeanPostProcessor declaration and its dependencies.
2024-04-08T16:10:31.951+05:30  WARN 18128 --- [client-service-1] [restartedMain] trationDelegate$BeanPostProcessorChecker : Bean 'org.springframework.cloud.client.loadbalancer.reactive.LoadBalancerBeanPostProcessorAutoConfiguration' of type [org.springframework.cloud.client.loadbalancer.reactive.LoadBalancerBeanPostProcessorAutoConfiguration] is not eligible for getting processed by all BeanPostProcessors (for example: not eligible for auto-proxying). The currently created BeanPostProcessor [loadBalancerWebClientBuilderBeanPostProcessor] is declared through a non-static factory method on that class; consider declaring it as static instead.
2024-04-08T16:10:31.953+05:30  WARN 18128 --- [client-service-1] [restartedMain] trationDelegate$BeanPostProcessorChecker : Bean 'org.springframework.cloud.client.loadbalancer.reactive.LoadBalancerBeanPostProcessorAutoConfiguration$ReactorDeferringLoadBalancerFilterConfig' of type [org.springframework.cloud.client.loadbalancer.reactive.LoadBalancerBeanPostProcessorAutoConfiguration$ReactorDeferringLoadBalancerFilterConfig] is not eligible for getting processed by all BeanPostProcessors (for example: not eligible for auto-proxying). Is this bean getting eagerly injected into a currently created BeanPostProcessor [loadBalancerWebClientBuilderBeanPostProcessor]? Check the corresponding BeanPostProcessor declaration and its dependencies.
2024-04-08T16:10:31.955+05:30  WARN 18128 --- [client-service-1] [restartedMain] trationDelegate$BeanPostProcessorChecker : Bean 'reactorDeferringLoadBalancerExchangeFilterFunction' of type [org.springframework.cloud.client.loadbalancer.reactive.DeferringLoadBalancerExchangeFilterFunction] is not eligible for getting processed by all BeanPostProcessors (for example: not eligible for auto-proxying). Is this bean getting eagerly injected into a currently created BeanPostProcessor [loadBalancerWebClientBuilderBeanPostProcessor]? Check the corresponding BeanPostProcessor declaration and its dependencies.
2024-04-08T16:10:32.530+05:30  INFO 18128 --- [client-service-1] [restartedMain] o.s.b.w.embedded.tomcat.TomcatWebServer  : Tomcat initialized with port 8081 (http)
2024-04-08T16:10:32.548+05:30  INFO 18128 --- [client-service-1] [restartedMain] o.apache.catalina.core.StandardService   : Starting service [Tomcat]
2024-04-08T16:10:32.549+05:30  INFO 18128 --- [client-service-1] [restartedMain] o.apache.catalina.core.StandardEngine    : Starting Servlet engine: [Apache Tomcat/10.1.19]
2024-04-08T16:10:32.656+05:30  INFO 18128 --- [client-service-1] [restartedMain] o.a.c.c.C.[Tomcat].[localhost].[/]       : Initializing Spring embedded WebApplicationContext
2024-04-08T16:10:32.657+05:30  INFO 18128 --- [client-service-1] [restartedMain] w.s.c.ServletWebServerApplicationContext : Root WebApplicationContext: initialization completed in 3170 ms
2024-04-08T16:10:34.483+05:30  INFO 18128 --- [client-service-1] [restartedMain] o.s.b.d.a.OptionalLiveReloadServer       : LiveReload server is running on port 35729
2024-04-08T16:10:34.644+05:30  INFO 18128 --- [client-service-1] [restartedMain] DiscoveryClientOptionalArgsConfiguration : Eureka HTTP Client uses RestTemplate.
2024-04-08T16:10:34.679+05:30  WARN 18128 --- [client-service-1] [restartedMain] iguration$LoadBalancerCaffeineWarnLogger : Spring Cloud LoadBalancer is currently working with the default cache. While this cache implementation is useful for development and tests, it's recommended to use Caffeine cache in production.You can switch to using Caffeine cache, by adding it and org.springframework.cache.caffeine.CaffeineCacheManager to the classpath.
2024-04-08T16:10:34.690+05:30  INFO 18128 --- [client-service-1] [restartedMain] o.s.b.a.e.web.EndpointLinksResolver      : Exposing 1 endpoint(s) beneath base path '/actuator'
2024-04-08T16:10:34.813+05:30  INFO 18128 --- [client-service-1] [restartedMain] o.s.c.n.eureka.InstanceInfoFactory       : Setting initial instance status as: STARTING
2024-04-08T16:10:34.879+05:30  INFO 18128 --- [client-service-1] [restartedMain] com.netflix.discovery.DiscoveryClient    : Initializing Eureka in region us-east-1
2024-04-08T16:10:34.888+05:30  INFO 18128 --- [client-service-1] [restartedMain] c.n.d.s.r.aws.ConfigClusterResolver      : Resolving eureka endpoints via configuration
2024-04-08T16:10:34.942+05:30  INFO 18128 --- [client-service-1] [restartedMain] com.netflix.discovery.DiscoveryClient    : Disable delta property : false
2024-04-08T16:10:34.942+05:30  INFO 18128 --- [client-service-1] [restartedMain] com.netflix.discovery.DiscoveryClient    : Single vip registry refresh property : null
2024-04-08T16:10:34.943+05:30  INFO 18128 --- [client-service-1] [restartedMain] com.netflix.discovery.DiscoveryClient    : Force full registry fetch : false
2024-04-08T16:10:34.943+05:30  INFO 18128 --- [client-service-1] [restartedMain] com.netflix.discovery.DiscoveryClient    : Application is null : false
2024-04-08T16:10:34.943+05:30  INFO 18128 --- [client-service-1] [restartedMain] com.netflix.discovery.DiscoveryClient    : Registered Applications size is zero : true
2024-04-08T16:10:34.943+05:30  INFO 18128 --- [client-service-1] [restartedMain] com.netflix.discovery.DiscoveryClient    : Application version is -1: true
2024-04-08T16:10:34.944+05:30  INFO 18128 --- [client-service-1] [restartedMain] com.netflix.discovery.DiscoveryClient    : Getting all instance registry info from the eureka server
2024-04-08T16:10:35.805+05:30  INFO 18128 --- [client-service-1] [restartedMain] com.netflix.discovery.DiscoveryClient    : The response status is 200
2024-04-08T16:10:35.809+05:30  INFO 18128 --- [client-service-1] [restartedMain] com.netflix.discovery.DiscoveryClient    : Starting heartbeat executor: renew interval is: 30
2024-04-08T16:10:35.812+05:30  INFO 18128 --- [client-service-1] [restartedMain] c.n.discovery.InstanceInfoReplicator     : InstanceInfoReplicator onDemand update allowed rate per min is 4
2024-04-08T16:10:35.821+05:30  INFO 18128 --- [client-service-1] [restartedMain] com.netflix.discovery.DiscoveryClient    : Discovery Client initialized at timestamp 1712572835820 with initial instances count: 0
2024-04-08T16:10:35.823+05:30  INFO 18128 --- [client-service-1] [restartedMain] o.s.c.n.e.s.EurekaServiceRegistry        : Registering application CLIENT-SERVICE-1 with eureka with status UP
2024-04-08T16:10:35.824+05:30  INFO 18128 --- [client-service-1] [restartedMain] com.netflix.discovery.DiscoveryClient    : Saw local status change event StatusChangeEvent [timestamp=1712572835824, current=UP, previous=STARTING]
2024-04-08T16:10:35.827+05:30  INFO 18128 --- [client-service-1] [DiscoveryClient-InstanceInfoReplicator-0] com.netflix.discovery.DiscoveryClient    : DiscoveryClient_CLIENT-SERVICE-1/DESKTOP-2N0APER:client-service-1:8081: registering service...
2024-04-08T16:10:35.866+05:30  INFO 18128 --- [client-service-1] [restartedMain] o.s.b.w.embedded.tomcat.TomcatWebServer  : Tomcat started on port 8081 (http) with context path ''
2024-04-08T16:10:35.868+05:30  INFO 18128 --- [client-service-1] [restartedMain] .s.c.n.e.s.EurekaAutoServiceRegistration : Updating port to 8081
2024-04-08T16:10:36.079+05:30  INFO 18128 --- [client-service-1] [DiscoveryClient-InstanceInfoReplicator-0] com.netflix.discovery.DiscoveryClient    : DiscoveryClient_CLIENT-SERVICE-1/DESKTOP-2N0APER:client-service-1:8081 - registration status: 204
2024-04-08T16:10:36.221+05:30  INFO 18128 --- [client-service-1] [restartedMain] com.ms.cs1.ClientService1Application     : Started ClientService1Application in 7.783 seconds (process running for 9.258)
2024-04-08T16:10:36.896+05:30  INFO 18128 --- [client-service-1] [RMI TCP Connection(9)-127.0.0.1] o.a.c.c.C.[Tomcat].[localhost].[/]       : Initializing Spring DispatcherServlet 'dispatcherServlet'
2024-04-08T16:10:36.897+05:30  INFO 18128 --- [client-service-1] [RMI TCP Connection(9)-127.0.0.1] o.s.web.servlet.DispatcherServlet        : Initializing Servlet 'dispatcherServlet'
2024-04-08T16:10:36.902+05:30  INFO 18128 --- [client-service-1] [RMI TCP Connection(9)-127.0.0.1] o.s.web.servlet.DispatcherServlet        : Completed initialization in 5 ms
2024-04-08T16:11:05.813+05:30  INFO 18128 --- [client-service-1] [DiscoveryClient-CacheRefreshExecutor-0] com.netflix.discovery.DiscoveryClient    : Disable delta property : false
2024-04-08T16:11:05.813+05:30  INFO 18128 --- [client-service-1] [DiscoveryClient-CacheRefreshExecutor-0] com.netflix.discovery.DiscoveryClient    : Single vip registry refresh property : null
2024-04-08T16:11:05.814+05:30  INFO 18128 --- [client-service-1] [DiscoveryClient-CacheRefreshExecutor-0] com.netflix.discovery.DiscoveryClient    : Force full registry fetch : false
2024-04-08T16:11:05.814+05:30  INFO 18128 --- [client-service-1] [DiscoveryClient-CacheRefreshExecutor-0] com.netflix.discovery.DiscoveryClient    : Application is null : false
2024-04-08T16:11:05.814+05:30  INFO 18128 --- [client-service-1] [DiscoveryClient-CacheRefreshExecutor-0] com.netflix.discovery.DiscoveryClient    : Registered Applications size is zero : true
2024-04-08T16:11:05.814+05:30  INFO 18128 --- [client-service-1] [DiscoveryClient-CacheRefreshExecutor-0] com.netflix.discovery.DiscoveryClient    : Application version is -1: false
2024-04-08T16:11:05.815+05:30  INFO 18128 --- [client-service-1] [DiscoveryClient-CacheRefreshExecutor-0] com.netflix.discovery.DiscoveryClient    : Getting all instance registry info from the eureka server
2024-04-08T16:11:05.835+05:30  INFO 18128 --- [client-service-1] [DiscoveryClient-CacheRefreshExecutor-0] com.netflix.discovery.DiscoveryClient    : The response status is 200
2024-04-08T16:15:34.960+05:30  INFO 18128 --- [client-service-1] [AsyncResolver-bootstrap-executor-0] c.n.d.s.r.aws.ConfigClusterResolver      : Resolving eureka endpoints via configuration
2024-04-08T16:20:34.540+05:30  INFO 18128 --- [client-service-1] [http-nio-8081-exec-1]  ##### ClientService1Application #####   : message = ------  CONTROLLER -  GET_DATA_FROM_SERVICE1  ------------------, requestId = bdc2386c-4302-3cc2-9695-b0d8c539c222
2024-04-08T16:20:34.965+05:30  INFO 18128 --- [client-service-1] [AsyncResolver-bootstrap-executor-0] c.n.d.s.r.aws.ConfigClusterResolver      : Resolving eureka endpoints via configuration
2024-04-08T16:25:34.974+05:30  INFO 18128 --- [client-service-1] [AsyncResolver-bootstrap-executor-0] c.n.d.s.r.aws.ConfigClusterResolver      : Resolving eureka endpoints via configuration
2024-04-08T16:30:34.988+05:30  INFO 18128 --- [client-service-1] [AsyncResolver-bootstrap-executor-0] c.n.d.s.r.aws.ConfigClusterResolver      : Resolving eureka endpoints via configuration
2024-04-08T16:35:35.004+05:30  INFO 18128 --- [client-service-1] [AsyncResolver-bootstrap-executor-0] c.n.d.s.r.aws.ConfigClusterResolver      : Resolving eureka endpoints via configuration
2024-04-08T16:40:35.015+05:30  INFO 18128 --- [client-service-1] [AsyncResolver-bootstrap-executor-0] c.n.d.s.r.aws.ConfigClusterResolver      : Resolving eureka endpoints via configuration
2024-04-08T16:45:35.028+05:30  INFO 18128 --- [client-service-1] [AsyncResolver-bootstrap-executor-0] c.n.d.s.r.aws.ConfigClusterResolver      : Resolving eureka endpoints via configuration
2024-04-08T16:50:35.037+05:30  INFO 18128 --- [client-service-1] [AsyncResolver-bootstrap-executor-0] c.n.d.s.r.aws.ConfigClusterResolver      : Resolving eureka endpoints via configuration
2024-04-08T16:55:35.052+05:30  INFO 18128 --- [client-service-1] [AsyncResolver-bootstrap-executor-0] c.n.d.s.r.aws.ConfigClusterResolver      : Resolving eureka endpoints via configuration
2024-04-08T17:00:35.054+05:30  INFO 18128 --- [client-service-1] [AsyncResolver-bootstrap-executor-0] c.n.d.s.r.aws.ConfigClusterResolver      : Resolving eureka endpoints via configuration
2024-04-08T17:05:35.066+05:30  INFO 18128 --- [client-service-1] [AsyncResolver-bootstrap-executor-0] c.n.d.s.r.aws.ConfigClusterResolver      : Resolving eureka endpoints via configuration
2024-04-08T17:10:35.078+05:30  INFO 18128 --- [client-service-1] [AsyncResolver-bootstrap-executor-0] c.n.d.s.r.aws.ConfigClusterResolver      : Resolving eureka endpoints via configuration
2024-04-08T17:15:35.094+05:30  INFO 18128 --- [client-service-1] [AsyncResolver-bootstrap-executor-0] c.n.d.s.r.aws.ConfigClusterResolver      : Resolving eureka endpoints via configuration
2024-04-08T17:20:35.095+05:30  INFO 18128 --- [client-service-1] [AsyncResolver-bootstrap-executor-0] c.n.d.s.r.aws.ConfigClusterResolver      : Resolving eureka endpoints via configuration
2024-04-08T17:25:35.109+05:30  INFO 18128 --- [client-service-1] [AsyncResolver-bootstrap-executor-0] c.n.d.s.r.aws.ConfigClusterResolver      : Resolving eureka endpoints via configuration
2024-04-08T17:30:35.125+05:30  INFO 18128 --- [client-service-1] [AsyncResolver-bootstrap-executor-0] c.n.d.s.r.aws.ConfigClusterResolver      : Resolving eureka endpoints via configuration
2024-04-08T17:35:35.132+05:30  INFO 18128 --- [client-service-1] [AsyncResolver-bootstrap-executor-0] c.n.d.s.r.aws.ConfigClusterResolver      : Resolving eureka endpoints via configuration
2024-04-08T17:40:35.139+05:30  INFO 18128 --- [client-service-1] [AsyncResolver-bootstrap-executor-0] c.n.d.s.r.aws.ConfigClusterResolver      : Resolving eureka endpoints via configuration
2024-04-08T17:45:35.153+05:30  INFO 18128 --- [client-service-1] [AsyncResolver-bootstrap-executor-0] c.n.d.s.r.aws.ConfigClusterResolver      : Resolving eureka endpoints via configuration
2024-04-08T17:50:35.166+05:30  INFO 18128 --- [client-service-1] [AsyncResolver-bootstrap-executor-0] c.n.d.s.r.aws.ConfigClusterResolver      : Resolving eureka endpoints via configuration
2024-04-08T17:55:35.173+05:30  INFO 18128 --- [client-service-1] [AsyncResolver-bootstrap-executor-0] c.n.d.s.r.aws.ConfigClusterResolver      : Resolving eureka endpoints via configuration
2024-04-08T18:00:35.182+05:30  INFO 18128 --- [client-service-1] [AsyncResolver-bootstrap-executor-0] c.n.d.s.r.aws.ConfigClusterResolver      : Resolving eureka endpoints via configuration
2024-04-08T18:05:35.187+05:30  INFO 18128 --- [client-service-1] [AsyncResolver-bootstrap-executor-0] c.n.d.s.r.aws.ConfigClusterResolver      : Resolving eureka endpoints via configuration
2024-04-08T18:10:35.189+05:30  INFO 18128 --- [client-service-1] [AsyncResolver-bootstrap-executor-0] c.n.d.s.r.aws.ConfigClusterResolver      : Resolving eureka endpoints via configuration
2024-04-08T18:12:48.767+05:30  INFO 18128 --- [client-service-1] [RMI TCP Connection(133)-127.0.0.1] inMXBeanRegistrar$SpringApplicationAdmin : Application shutdown requested.
2024-04-08T18:12:48.776+05:30  INFO 18128 --- [client-service-1] [RMI TCP Connection(133)-127.0.0.1] o.s.c.n.e.s.EurekaServiceRegistry        : Unregistering application CLIENT-SERVICE-1 with eureka with status DOWN
2024-04-08T18:12:48.776+05:30  INFO 18128 --- [client-service-1] [RMI TCP Connection(133)-127.0.0.1] com.netflix.discovery.DiscoveryClient    : Saw local status change event StatusChangeEvent [timestamp=1712580168776, current=DOWN, previous=UP]
2024-04-08T18:12:48.776+05:30  INFO 18128 --- [client-service-1] [DiscoveryClient-InstanceInfoReplicator-0] com.netflix.discovery.DiscoveryClient    : DiscoveryClient_CLIENT-SERVICE-1/DESKTOP-2N0APER:client-service-1:8081: registering service...
2024-04-08T18:12:48.789+05:30  INFO 18128 --- [client-service-1] [DiscoveryClient-InstanceInfoReplicator-0] com.netflix.discovery.DiscoveryClient    : DiscoveryClient_CLIENT-SERVICE-1/DESKTOP-2N0APER:client-service-1:8081 - registration status: 204
2024-04-08T18:12:48.853+05:30  INFO 18128 --- [client-service-1] [RMI TCP Connection(133)-127.0.0.1] com.netflix.discovery.DiscoveryClient    : Shutting down DiscoveryClient ...
2024-04-08T18:12:51.859+05:30  INFO 18128 --- [client-service-1] [RMI TCP Connection(133)-127.0.0.1] com.netflix.discovery.DiscoveryClient    : Unregistering ...
2024-04-08T18:12:51.866+05:30  INFO 18128 --- [client-service-1] [RMI TCP Connection(133)-127.0.0.1] com.netflix.discovery.DiscoveryClient    : DiscoveryClient_CLIENT-SERVICE-1/DESKTOP-2N0APER:client-service-1:8081 - deregister  status: 200
2024-04-08T18:12:51.869+05:30  INFO 18128 --- [client-service-1] [RMI TCP Connection(133)-127.0.0.1] com.netflix.discovery.DiscoveryClient    : Completed shut down of DiscoveryClient
